Chronologic VCS simulator copyright 1991-2011
Contains Synopsys proprietary information.
Compiler version E-2011.03_Full64; Runtime version E-2011.03_Full64;  Apr 22 21:21 2013
@@
@@
@@                     0  Asserting System reset......
@@
@@                     0 : System STILL at reset, can't show anything
@@
@@
@@                   500 : System STILL at reset, can't show anything
@@
@@
@@                  1000 : System STILL at reset, can't show anything
@@
@@
@@                  1500 : System STILL at reset, can't show anything
@@
@@                  1760  Deasserting System reset......
@@
@@
@@@ Unified Memory contents hex on left, decimal on right: 
@@@
@@@ mem[    0] = 209f1008207f1000 : 2350615157601669120
@@@ mem[    8] = 213f000220bf1010 : 2395633535923720208
@@@ mem[   16] = b4230000203f0001 : 12980218551552901121
@@@ mem[   24] = a4230000b4240000 : 11827297049427312640
@@@ mem[   32] = 40410402a4440000 : 4629986301305946112
@@@ mem[   40] = 4081140440611403 : 4648018298915591171
@@@ mem[   48] = 4121fdaa41203409 : 4693311194375664649
@@@ mem[   56] = 40a11405b4450000 : 4657025504409616384
@@@ mem[   64] = 00000555f55ffff6 : 5866747068406
@@@
@@@ mem[ 4096] = 0000000000000001 : 1
@@@ mem[ 4104] = 0000000000000001 : 1
@@@ mem[ 4112] = 0000000000000002 : 2
@@@ mem[ 4120] = 0000000000000003 : 3
@@@ mem[ 4128] = 0000000000000005 : 5
@@@ mem[ 4136] = 0000000000000008 : 8
@@@ mem[ 4144] = 000000000000000d : 13
@@@ mem[ 4152] = 0000000000000015 : 21
@@@ mem[ 4160] = 0000000000000022 : 34
@@@ mem[ 4168] = 0000000000000037 : 55
@@@ mem[ 4176] = 0000000000000059 : 89
@@@ mem[ 4184] = 0000000000000090 : 144
@@@ mem[ 4192] = 00000000000000e9 : 233
@@@ mem[ 4200] = 0000000000000179 : 377
@@@ mem[ 4208] = 0000000000000262 : 610
@@@ mem[ 4216] = 00000000000003db : 987
@@@
@@@
@@                140520 : System halted
@@
@@@ System halted on HALT instruction
@@@
@@
@@  278 cycles / 147 instrs = 1.891156 CPI
@@
@@  13850.00 ns total time to execute
@@

$finish called from file "testbench/testbench.v", line 374.
$finish at simulation time               141520
           V C S   S i m u l a t i o n   R e p o r t 
Time: 14152000 ps
CPU Time:      0.360 seconds;       Data structure size:   0.5Mb
Mon Apr 22 21:21:06 2013
